<?xml version="1.0" encoding="UTF-8"?>
<testsuite name="ReverseStringTest" tests="5" skipped="0" failures="0" errors="0" timestamp="2018-03-14T02:43:56" hostname="Van-Laptop" time="0.003">
  <properties/>
  <testcase name="testAWord" classname="ReverseStringTest" time="0.002"/>
  <testcase name="testAnEmptyString" classname="ReverseStringTest" time="0.0"/>
  <testcase name="testACapitalizedWord" classname="ReverseStringTest" time="0.0"/>
  <testcase name="testASentenceWithPunctuation" classname="ReverseStringTest" time="0.0"/>
  <testcase name="testAPalindrome" classname="ReverseStringTest" time="0.0"/>
  <system-out><![CDATA[]]></system-out>
  <system-err><![CDATA[]]></system-err>
</testsuite>
