<?xml version="1.0" encoding="UTF-8"?>
<testsuite name="MatrixTest" tests="8" skipped="4" failures="0" errors="0" timestamp="2018-03-23T02:39:13" hostname="Van-Laptop" time="0.026">
  <properties/>
  <testcase name="extractRowFromOneNumberMatrixTest" classname="MatrixTest" time="0.014"/>
  <testcase name="extractRowFromDiffWidthsMatrixTest" classname="MatrixTest" time="0.002"/>
  <testcase name="extractColumnFromNonSquareMatrixTest" classname="MatrixTest" time="0.0">
    <skipped/>
  </testcase>
  <testcase name="extractColumnFromDiffWidthsMatrixTest" classname="MatrixTest" time="0.0">
    <skipped/>
  </testcase>
  <testcase name="extractColumnMatrixTest" classname="MatrixTest" time="0.0">
    <skipped/>
  </testcase>
  <testcase name="extractRowFromMatrixTest" classname="MatrixTest" time="0.002"/>
  <testcase name="extractColumnFromOneNumberMatrixTest" classname="MatrixTest" time="0.0">
    <skipped/>
  </testcase>
  <testcase name="extractRowFromNonSquareMatrixTest" classname="MatrixTest" time="0.005"/>
  <system-out><![CDATA[]]></system-out>
  <system-err><![CDATA[]]></system-err>
</testsuite>
